03-06-2022 11:27:03 Log file location E:\HCMUS COURSES\Semester 4\Computer Networking\Remote control with Email service\src\./g8rc.log
03-06-2022 11:27:03 Logging thread is running
03-06-2022 11:28:41 Log file location E:\HCMUS COURSES\Semester 4\Computer Networking\Remote control with Email service\src\./g8rc.log
03-06-2022 11:28:41 Logging thread is running
03-06-2022 11:28:48 Log file location E:\HCMUS COURSES\Semester 4\Computer Networking\Remote control with Email service\src\./g8rc.log
03-06-2022 11:28:48 Logging thread is running
03-06-2022 11:29:48 Log file location E:\HCMUS COURSES\Semester 4\Computer Networking\Remote control with Email service\src\./g8rc.log
03-06-2022 11:29:48 Logging thread is running
03-06-2022 11:30:27 Log file location E:\HCMUS COURSES\Semester 4\Computer Networking\Remote control with Email service\src\./g8rc.log
03-06-2022 11:30:27 Logging thread is running
03-06-2022 11:31:01 Log file location E:\HCMUS COURSES\Semester 4\Computer Networking\Remote control with Email service\src\./g8rc.log
03-06-2022 11:31:01 Logging thread is running
03-06-2022 11:31:34 Log file location E:\HCMUS COURSES\Semester 4\Computer Networking\Remote control with Email service\src\./g8rc.log
03-06-2022 11:31:34 Logging thread is running
03-06-2022 11:31:48 Log file location E:\HCMUS COURSES\Semester 4\Computer Networking\Remote control with Email service\src\./g8rc.log
03-06-2022 11:31:48 Logging thread is running
03-06-2022 11:32:32 App close
03-06-2022 11:40:29 Log file location E:\HCMUS COURSES\Semester 4\Computer Networking\Remote control with Email service\src\./g8rc.log
03-06-2022 11:40:29 Logging thread is running
03-06-2022 11:41:27 Log file location E:\HCMUS COURSES\Semester 4\Computer Networking\Remote control with Email service\src\./g8rc.log
03-06-2022 11:41:27 Logging thread is running
03-06-2022 11:41:41 Login to mail server...
03-06-2022 11:41:42 Login successfully
03-06-2022 11:41:42 Check mail thread is running
03-06-2022 11:41:42 Notification thread is running
03-06-2022 11:42:08 Logout mail server...
03-06-2022 11:42:08 App close
03-06-2022 11:42:39 Log file location E:\HCMUS COURSES\Semester 4\Computer Networking\Remote control with Email service\src\./g8rc.log
03-06-2022 11:42:39 Logging thread is running
03-06-2022 11:42:42 Login to mail server...
03-06-2022 11:42:44 Login successfully
03-06-2022 11:42:44 Check mail thread is running
03-06-2022 11:42:44 Notification thread is running
03-06-2022 11:43:02 Login to mail server...
03-06-2022 11:43:02 Login successfully
03-06-2022 11:43:02 Check mail thread is running
03-06-2022 11:43:02 Notification thread is running
03-06-2022 11:43:26 Login to mail server...
03-06-2022 11:43:26 Login successfully
03-06-2022 11:43:26 Check mail thread is running
03-06-2022 11:43:26 Notification thread is running
03-06-2022 11:43:35 Logout mail server...
03-06-2022 11:43:35 App close
03-06-2022 11:46:49 Log file location E:\HCMUS COURSES\Semester 4\Computer Networking\Remote control with Email service\src\./g8rc.log
03-06-2022 11:46:49 Logging thread is running
03-06-2022 11:47:09 Logout mail server...
03-06-2022 11:47:09 App close
03-06-2022 11:48:04 Log file location E:\HCMUS COURSES\Semester 4\Computer Networking\Remote control with Email service\src\./g8rc.log
03-06-2022 11:48:04 Logging thread is running
03-06-2022 11:48:06 Login to mail server...
03-06-2022 11:48:07 Login successfully
03-06-2022 11:48:07 Check mail thread is running
03-06-2022 11:48:07 Notification thread is running
03-06-2022 11:51:56 Logout mail server...
03-06-2022 11:51:57 App close
